[2025-01-17 9:25:45]	[ALERT]	404 - commande non existante :: /admin/ban/37
[2025-01-17 9:26:30]	[ALERT]	404 - erreur dans le processus de traitement du routage
    routeInfo: array(
        0 => 1,
        1 => 'admin@deleteCreateur',
        2 => array(
            'id' => '6',
        ),
    )
    exception-line: 266
    exception-file: 'C:\Cours MMI 3ème année\A Blanc\SAE\DeckApi\src\Model\Model.php'
    exception-code: 'Table non valide.'
[2025-01-17 9:29:06]	[ALERT]	404 - erreur dans le processus de traitement du routage
    routeInfo: array(
        0 => 1,
        1 => 'admin@deleteCreateur',
        2 => array(
            'id' => '6',
        ),
    )
    exception-line: 266
    exception-file: 'C:\Cours MMI 3ème année\A Blanc\SAE\DeckApi\src\Model\Model.php'
    exception-code: 'Table non valide.'
[2025-01-17 9:30:15]	[ALERT]	404 - erreur dans le processus de traitement du routage
    routeInfo: array(
        0 => 1,
        1 => 'admin@deleteCreateur',
        2 => array(
            'id' => '6',
        ),
    )
    exception-line: 266
    exception-file: 'C:\Cours MMI 3ème année\A Blanc\SAE\DeckApi\src\Model\Model.php'
    exception-code: 'Table non valide.'
[2025-01-17 9:48:37]	[ALERT]	404 - erreur dans le processus de traitement du routage
    routeInfo: array(
        0 => 1,
        1 => 'admin@deleteCreateur',
        2 => array(
            'id' => '6',
        ),
    )
    exception-line: 266
    exception-file: 'C:\Cours MMI 3ème année\A Blanc\SAE\DeckApi\src\Model\Model.php'
    exception-code: 'Table non valide.'
[2025-01-17 10:17:40]	[ALERT]	404 - erreur dans le processus de traitement du routage
    routeInfo: array(
        0 => 1,
        1 => 'admin@banCreateur',
        2 => array(
            'id' => '8',
        ),
    )
    exception-line: 64
    exception-file: 'C:\Cours MMI 3ème année\A Blanc\SAE\DeckApi\src\Controller\AdminController.php'
    exception-code: 'Undefined array key "banni"'
[2025-01-17 10:18:43]	[ALERT]	404 - erreur dans le processus de traitement du routage
    routeInfo: array(
        0 => 1,
        1 => 'admin@banCreateur',
        2 => array(
            'id' => '8',
        ),
    )
    exception-line: 64
    exception-file: 'C:\Cours MMI 3ème année\A Blanc\SAE\DeckApi\src\Controller\AdminController.php'
    exception-code: 'Undefined array key "banni"'
[2025-01-17 10:32:42]	[ALERT]	404 - erreur dans le processus de traitement du routage
    routeInfo: array(
        0 => 1,
        1 => 'admin@banCreateur',
        2 => array(
            'id' => '8',
        ),
    )
    exception-line: 340
    exception-file: 'C:\Cours MMI 3ème année\A Blanc\SAE\DeckApi\src\Model\Model.php'
    exception-code: 'SQLSTATE[42S22]: Column not found: 1054 Unknown column 'banni' in 'field list''
[2025-01-17 10:34:04]	[ALERT]	404 - erreur dans le processus de traitement du routage
    routeInfo: array(
        0 => 1,
        1 => 'admin@banCreateur',
        2 => array(
            'id' => '8',
        ),
    )
    exception-line: 306
    exception-file: 'C:\Cours MMI 3ème année\A Blanc\SAE\DeckApi\src\Model\Model.php'
    exception-code: 'SQLSTATE[42S22]: Column not found: 1054 Unknown column 'banni' in 'field list''
[2025-01-17 10:34:06]	[ALERT]	404 - erreur dans le processus de traitement du routage
    routeInfo: array(
        0 => 1,
        1 => 'admin@banCreateur',
        2 => array(
            'id' => '8',
        ),
    )
    exception-line: 306
    exception-file: 'C:\Cours MMI 3ème année\A Blanc\SAE\DeckApi\src\Model\Model.php'
    exception-code: 'SQLSTATE[42S22]: Column not found: 1054 Unknown column 'banni' in 'field list''
[2025-01-17 10:44:46]	[ALERT]	404 - erreur dans le processus de traitement du routage
    routeInfo: array(
        0 => 1,
        1 => 'admin@banCreateur',
        2 => array(
            'id' => '8',
        ),
    )
    exception-line: 67
    exception-file: 'C:\Cours MMI 3ème année\A Blanc\SAE\DeckApi\src\Controller\AdminController.php'
    exception-code: 'Attempt to read property "banned" on array'
