[2025-01-19 22:59:00]	[ALERT]	404 - erreur dans le processus de traitement du routage
    routeInfo: array(
        0 => 1,
        1 => 'admin@banCreateur',
        2 => array(
            'id' => '66',
        ),
    )
    exception-line: 66
    exception-file: 'D:\IUT\3ème année\DeckApi\src\Controller\AdminController.php'
    exception-code: 'Attempt to read property "banned" on array'
[2025-01-19 23:01:45]	[ALERT]	404 - erreur dans le processus de traitement du routage
    routeInfo: array(
        0 => 1,
        1 => 'admin@banCreateur',
        2 => array(
            'id' => '66',
        ),
    )
    exception-line: 67
    exception-file: 'D:\IUT\3ème année\DeckApi\src\Controller\AdminController.php'
    exception-code: 'Attempt to read property "banned" on array'
[2025-01-19 23:02:40]	[ALERT]	404 - erreur dans le processus de traitement du routage
    routeInfo: array(
        0 => 1,
        1 => 'admin@banCreateur',
        2 => array(
            'id' => '66',
        ),
    )
    exception-line: 66
    exception-file: 'D:\IUT\3ème année\DeckApi\src\Controller\AdminController.php'
    exception-code: 'Attempt to read property "banned" on array'
[2025-01-19 23:02:41]	[ALERT]	404 - erreur dans le processus de traitement du routage
    routeInfo: array(
        0 => 1,
        1 => 'admin@banCreateur',
        2 => array(
            'id' => '66',
        ),
    )
    exception-line: 66
    exception-file: 'D:\IUT\3ème année\DeckApi\src\Controller\AdminController.php'
    exception-code: 'Attempt to read property "banned" on array'
[2025-01-19 23:05:42]	[ALERT]	404 - erreur dans le processus de traitement du routage
    routeInfo: array(
        0 => 1,
        1 => 'admin@banCreateur',
        2 => array(
            'id' => '66',
        ),
    )
    exception-line: 306
    exception-file: 'D:\IUT\3ème année\DeckApi\src\Model\Model.php'
    exception-code: 'SQLSTATE[42S22]: Column not found: 1054 Unknown column 'banni' in 'field list''
[2025-01-19 23:08:23]	[ALERT]	404 - erreur dans le processus de traitement du routage
    routeInfo: array(
        0 => 1,
        1 => 'admin@banCreateur',
        2 => array(
            'id' => '66',
        ),
    )
    exception-line: 306
    exception-file: 'D:\IUT\3ème année\DeckApi\src\Model\Model.php'
    exception-code: 'SQLSTATE[42S22]: Column not found: 1054 Unknown column 'banni' in 'field list''
[2025-01-19 23:28:13]	[ALERT]	404 - commande non existante :: /admin/debanCreateur/61
[2025-01-19 23:28:17]	[ALERT]	404 - commande non existante :: /admin/debanCreateur/61
