[2024-11-19 11:22:59]	[ALERT]	404 - erreur dans le processus de traitement du routage
    routeInfo: array(
        0 => 1,
        1 => 'createur@login',
        2 => array(),
    )
    exception-line: 53
    exception-file: 'D:\IUT\3ème année\DeckApi\src\Controller\CreateurController.php'
    exception-code: 'Undefined array key "email"'
[2024-11-19 11:24:53]	[ALERT]	404 - erreur dans le processus de traitement du routage
    routeInfo: array(
        0 => 1,
        1 => 'createur@login',
        2 => array(),
    )
    exception-line: 53
    exception-file: 'D:\IUT\3ème année\DeckApi\src\Controller\CreateurController.php'
    exception-code: 'Undefined array key "email"'
[2024-11-19 11:26:18]	[ALERT]	404 - erreur dans le processus de traitement du routage
    routeInfo: array(
        0 => 1,
        1 => 'createur@login',
        2 => array(),
    )
    exception-line: 51
    exception-file: 'D:\IUT\3ème année\DeckApi\src\Controller\CreateurController.php'
    exception-code: 'Undefined array key "email"'
[2024-11-19 11:27:16]	[ALERT]	404 - erreur dans le processus de traitement du routage
    routeInfo: array(
        0 => 1,
        1 => 'createur@login',
        2 => array(),
    )
    exception-line: 51
    exception-file: 'D:\IUT\3ème année\DeckApi\src\Controller\CreateurController.php'
    exception-code: 'Undefined array key "email"'
[2024-11-19 11:27:16]	[ALERT]	404 - erreur dans le processus de traitement du routage
    routeInfo: array(
        0 => 1,
        1 => 'createur@login',
        2 => array(),
    )
    exception-line: 51
    exception-file: 'D:\IUT\3ème année\DeckApi\src\Controller\CreateurController.php'
    exception-code: 'Undefined array key "email"'
[2024-11-19 11:27:35]	[ALERT]	404 - erreur dans le processus de traitement du routage
    routeInfo: array(
        0 => 1,
        1 => 'createur@login',
        2 => array(),
    )
    exception-line: 52
    exception-file: 'D:\IUT\3ème année\DeckApi\src\Controller\CreateurController.php'
    exception-code: 'Undefined array key "email"'
[2024-11-19 11:27:48]	[ALERT]	404 - erreur dans le processus de traitement du routage
    routeInfo: array(
        0 => 1,
        1 => 'createur@login',
        2 => array(),
    )
    exception-line: 52
    exception-file: 'D:\IUT\3ème année\DeckApi\src\Controller\CreateurController.php'
    exception-code: 'Undefined array key "email"'
[2024-11-19 11:27:54]	[ALERT]	404 - erreur dans le processus de traitement du routage
    routeInfo: array(
        0 => 1,
        1 => 'createur@login',
        2 => array(),
    )
    exception-line: 52
    exception-file: 'D:\IUT\3ème année\DeckApi\src\Controller\CreateurController.php'
    exception-code: 'Undefined array key "email"'
[2024-11-19 11:29:39]	[ALERT]	404 - erreur dans le processus de traitement du routage
    routeInfo: array(
        0 => 1,
        1 => 'createur@login',
        2 => array(),
    )
    exception-line: 52
    exception-file: 'D:\IUT\3ème année\DeckApi\src\Controller\CreateurController.php'
    exception-code: 'Undefined array key "email"'
[2024-11-19 11:29:42]	[ALERT]	404 - erreur dans le processus de traitement du routage
    routeInfo: array(
        0 => 1,
        1 => 'createur@login',
        2 => array(),
    )
    exception-line: 52
    exception-file: 'D:\IUT\3ème année\DeckApi\src\Controller\CreateurController.php'
    exception-code: 'Undefined array key "email"'
[2024-11-19 11:29:52]	[ALERT]	404 - erreur dans le processus de traitement du routage
    routeInfo: array(
        0 => 1,
        1 => 'createur@login',
        2 => array(),
    )
    exception-line: 52
    exception-file: 'D:\IUT\3ème année\DeckApi\src\Controller\CreateurController.php'
    exception-code: 'Undefined array key "email"'
[2024-11-19 11:29:53]	[ALERT]	404 - erreur dans le processus de traitement du routage
    routeInfo: array(
        0 => 1,
        1 => 'createur@login',
        2 => array(),
    )
    exception-line: 52
    exception-file: 'D:\IUT\3ème année\DeckApi\src\Controller\CreateurController.php'
    exception-code: 'Undefined array key "email"'
[2024-11-19 11:30:01]	[ALERT]	404 - erreur dans le processus de traitement du routage
    routeInfo: array(
        0 => 1,
        1 => 'createur@login',
        2 => array(),
    )
    exception-line: 52
    exception-file: 'D:\IUT\3ème année\DeckApi\src\Controller\CreateurController.php'
    exception-code: 'Undefined array key "email"'
[2024-11-19 11:31:29]	[ALERT]	404 - erreur dans le processus de traitement du routage
    routeInfo: array(
        0 => 1,
        1 => 'createur@login',
        2 => array(),
    )
    exception-line: 51
    exception-file: 'D:\IUT\3ème année\DeckApi\src\Controller\CreateurController.php'
    exception-code: 'Undefined array key "email"'
[2024-11-19 11:31:30]	[ALERT]	404 - erreur dans le processus de traitement du routage
    routeInfo: array(
        0 => 1,
        1 => 'createur@login',
        2 => array(),
    )
    exception-line: 51
    exception-file: 'D:\IUT\3ème année\DeckApi\src\Controller\CreateurController.php'
    exception-code: 'Undefined array key "email"'
[2024-11-19 11:31:32]	[ALERT]	404 - erreur dans le processus de traitement du routage
    routeInfo: array(
        0 => 1,
        1 => 'createur@login',
        2 => array(),
    )
    exception-line: 51
    exception-file: 'D:\IUT\3ème année\DeckApi\src\Controller\CreateurController.php'
    exception-code: 'Undefined array key "email"'
[2024-11-19 11:31:33]	[ALERT]	404 - erreur dans le processus de traitement du routage
    routeInfo: array(
        0 => 1,
        1 => 'createur@login',
        2 => array(),
    )
    exception-line: 51
    exception-file: 'D:\IUT\3ème année\DeckApi\src\Controller\CreateurController.php'
    exception-code: 'Undefined array key "email"'
[2024-11-19 11:31:34]	[ALERT]	404 - erreur dans le processus de traitement du routage
    routeInfo: array(
        0 => 1,
        1 => 'createur@login',
        2 => array(),
    )
    exception-line: 51
    exception-file: 'D:\IUT\3ème année\DeckApi\src\Controller\CreateurController.php'
    exception-code: 'Undefined array key "email"'
[2024-11-19 11:31:34]	[ALERT]	404 - erreur dans le processus de traitement du routage
    routeInfo: array(
        0 => 1,
        1 => 'createur@login',
        2 => array(),
    )
    exception-line: 51
    exception-file: 'D:\IUT\3ème année\DeckApi\src\Controller\CreateurController.php'
    exception-code: 'Undefined array key "email"'
[2024-11-19 11:31:34]	[ALERT]	404 - erreur dans le processus de traitement du routage
    routeInfo: array(
        0 => 1,
        1 => 'createur@login',
        2 => array(),
    )
    exception-line: 51
    exception-file: 'D:\IUT\3ème année\DeckApi\src\Controller\CreateurController.php'
    exception-code: 'Undefined array key "email"'
[2024-11-19 11:31:45]	[ALERT]	404 - erreur dans le processus de traitement du routage
    routeInfo: array(
        0 => 1,
        1 => 'createur@login',
        2 => array(),
    )
    exception-line: 51
    exception-file: 'D:\IUT\3ème année\DeckApi\src\Controller\CreateurController.php'
    exception-code: 'Undefined array key "email"'
[2024-11-19 11:33:15]	[ALERT]	404 - erreur dans le processus de traitement du routage
    routeInfo: array(
        0 => 1,
        1 => 'createur@login',
        2 => array(),
    )
    exception-line: 51
    exception-file: 'D:\IUT\3ème année\DeckApi\src\Controller\CreateurController.php'
    exception-code: 'Undefined array key "email"'
[2024-11-19 11:33:32]	[ALERT]	404 - erreur dans le processus de traitement du routage
    routeInfo: array(
        0 => 1,
        1 => 'createur@login',
        2 => array(),
    )
    exception-line: 51
    exception-file: 'D:\IUT\3ème année\DeckApi\src\Controller\CreateurController.php'
    exception-code: 'Undefined array key "email"'
[2024-11-19 11:49:29]	[ALERT]	404 - commande non existante :: /me
[2024-11-19 11:49:30]	[ALERT]	404 - commande non existante :: /me
[2024-11-19 11:54:30]	[ALERT]	404 - commande non existante :: /me
[2024-11-19 11:54:30]	[ALERT]	404 - commande non existante :: /me
[2024-11-19 12:45:34]	[ALERT]	404 - commande non existante :: /createurs/me
[2024-11-19 12:45:34]	[ALERT]	404 - commande non existante :: /createurs/me
[2024-11-19 12:45:59]	[ALERT]	500 - la méthode checkToken n'existe pas
[2024-11-19 12:45:59]	[ALERT]	500 - la méthode checkToken n'existe pas
[2024-11-19 12:45:59]	[ALERT]	500 - la méthode checkToken n'existe pas
[2024-11-19 12:46:01]	[ALERT]	500 - la méthode checkToken n'existe pas
[2024-11-19 12:46:02]	[ALERT]	500 - la méthode checkToken n'existe pas
[2024-11-19 12:46:02]	[ALERT]	500 - la méthode checkToken n'existe pas
[2024-11-19 12:47:23]	[ALERT]	404 - commande non existante :: /createurs/me
[2024-11-19 12:55:50]	[ALERT]	404 - commande non existante :: /createurs/me
[2024-11-19 12:55:51]	[ALERT]	404 - commande non existante :: /createurs/me
[2024-11-19 12:55:51]	[ALERT]	404 - commande non existante :: /createurs/me
[2024-11-19 12:59:26]	[ALERT]	404 - commande non existante :: /createurs/me
[2024-11-19 13:00:46]	[ALERT]	404 - commande non existante :: /createurs/me
[2024-11-19 13:00:46]	[ALERT]	404 - commande non existante :: /createurs/me
[2024-11-19 13:00:47]	[ALERT]	404 - commande non existante :: /createurs/me
[2024-11-19 13:00:47]	[ALERT]	404 - commande non existante :: /createurs/me
[2024-11-19 13:00:47]	[ALERT]	404 - commande non existante :: /createurs/me
[2024-11-19 13:00:47]	[ALERT]	404 - commande non existante :: /createurs/me
[2024-11-19 13:00:48]	[ALERT]	404 - commande non existante :: /createurs/me
[2024-11-19 13:01:39]	[ALERT]	404 - commande non existante :: /createurs/me
[2024-11-19 13:01:40]	[ALERT]	404 - commande non existante :: /createurs/me
[2024-11-19 13:02:40]	[ALERT]	404 - commande non existante :: /createurs/me
[2024-11-19 13:02:40]	[ALERT]	404 - commande non existante :: /createurs/me
[2024-11-19 14:35:16]	[ALERT]	404 - erreur dans le processus de traitement du routage
    routeInfo: array(
        0 => 1,
        1 => 'admin@login',
        2 => array(),
    )
    exception-line: 255
    exception-file: 'D:\IUT\3ème année\DeckApi\src\Model\Model.php'
    exception-code: 'SQLSTATE[42S22]: Column not found: 1054 Unknown column 'ad_email_createur' in 'where clause''
[2024-11-19 14:37:32]	[ALERT]	404 - erreur dans le processus de traitement du routage
    routeInfo: array(
        0 => 1,
        1 => 'admin@login',
        2 => array(),
    )
    exception-line: 75
    exception-file: 'D:\IUT\3ème année\DeckApi\src\Controller\AdminController.php'
    exception-code: 'Undefined array key "id_createur"'
[2024-11-19 14:37:55]	[ALERT]	404 - erreur dans le processus de traitement du routage
    routeInfo: array(
        0 => 1,
        1 => 'admin@login',
        2 => array(),
    )
    exception-line: 75
    exception-file: 'D:\IUT\3ème année\DeckApi\src\Controller\AdminController.php'
    exception-code: 'Undefined array key "id_admin"'
[2024-11-19 15:13:03]	[ALERT]	404 - commande non existante :: /auth/login
[2024-11-19 15:13:05]	[ALERT]	404 - commande non existante :: /auth/login
