[2024-11-28 12:28:48]	[ALERT]	404 - commande non existante :: /likeDeck/10/undefined
[2024-11-28 13:02:57]	[ALERT]	404 - erreur dans le processus de traitement du routage
    routeInfo: array(
        0 => 1,
        1 => 'createur@ajoutLike',
        2 => array(
            'id_deck' => '37',
            'id_createur' => '10',
        ),
    )
    exception-line: 302
    exception-file: 'C:\Users\maloc\Documents\GitHub\DeckApi\src\Model\Model.php'
    exception-code: 'SQLSTATE[23000]: Integrity constraint violation: 1452 Cannot add or update a child row: a foreign key constraint fails (`easydeck_db`.`like`, CONSTRAINT `fk_like_deck` FOREIGN KEY (`id_deck`) REFERENCES `deck` (`id_deck`))'
[2024-11-28 13:03:03]	[ALERT]	404 - erreur dans le processus de traitement du routage
    routeInfo: array(
        0 => 1,
        1 => 'createur@ajoutLike',
        2 => array(
            'id_deck' => '37',
            'id_createur' => '10',
        ),
    )
    exception-line: 302
    exception-file: 'C:\Users\maloc\Documents\GitHub\DeckApi\src\Model\Model.php'
    exception-code: 'SQLSTATE[23000]: Integrity constraint violation: 1452 Cannot add or update a child row: a foreign key constraint fails (`easydeck_db`.`like`, CONSTRAINT `fk_like_deck` FOREIGN KEY (`id_deck`) REFERENCES `deck` (`id_deck`))'
[2024-11-28 13:03:46]	[ALERT]	404 - erreur dans le processus de traitement du routage
    routeInfo: array(
        0 => 1,
        1 => 'createur@ajoutLike',
        2 => array(
            'id_deck' => '37',
            'id_createur' => '10',
        ),
    )
    exception-line: 302
    exception-file: 'C:\Users\maloc\Documents\GitHub\DeckApi\src\Model\Model.php'
    exception-code: 'SQLSTATE[23000]: Integrity constraint violation: 1452 Cannot add or update a child row: a foreign key constraint fails (`easydeck_db`.`like`, CONSTRAINT `fk_like_deck` FOREIGN KEY (`id_deck`) REFERENCES `deck` (`id_deck`))'
[2024-11-28 13:05:20]	[ALERT]	404 - erreur dans le processus de traitement du routage
    routeInfo: array(
        0 => 1,
        1 => 'createur@ajoutLike',
        2 => array(
            'id_deck' => '37',
            'id_createur' => '10',
        ),
    )
    exception-line: 302
    exception-file: 'C:\Users\maloc\Documents\GitHub\DeckApi\src\Model\Model.php'
    exception-code: 'SQLSTATE[23000]: Integrity constraint violation: 1452 Cannot add or update a child row: a foreign key constraint fails (`easydeck_db`.`like`, CONSTRAINT `fk_like_deck` FOREIGN KEY (`id_deck`) REFERENCES `deck` (`id_deck`))'
[2024-11-28 13:06:39]	[ALERT]	404 - erreur dans le processus de traitement du routage
    routeInfo: array(
        0 => 1,
        1 => 'createur@ajoutLike',
        2 => array(
            'id_deck' => '37',
            'id_createur' => '10',
        ),
    )
    exception-line: 302
    exception-file: 'C:\Users\maloc\Documents\GitHub\DeckApi\src\Model\Model.php'
    exception-code: 'SQLSTATE[23000]: Integrity constraint violation: 1452 Cannot add or update a child row: a foreign key constraint fails (`easydeck_db`.`like`, CONSTRAINT `fk_like_deck` FOREIGN KEY (`id_deck`) REFERENCES `deck` (`id_deck`))'
[2024-11-28 13:09:04]	[ALERT]	404 - erreur dans le processus de traitement du routage
    routeInfo: array(
        0 => 1,
        1 => 'createur@ajoutLike',
        2 => array(
            'id_deck' => '37',
            'id_createur' => '10',
        ),
    )
    exception-line: 302
    exception-file: 'C:\Users\maloc\Documents\GitHub\DeckApi\src\Model\Model.php'
    exception-code: 'SQLSTATE[23000]: Integrity constraint violation: 1452 Cannot add or update a child row: a foreign key constraint fails (`easydeck_db`.`like`, CONSTRAINT `fk_like_deck` FOREIGN KEY (`id_deck`) REFERENCES `deck` (`id_deck`))'
[2024-11-28 13:09:29]	[ALERT]	404 - erreur dans le processus de traitement du routage
    routeInfo: array(
        0 => 1,
        1 => 'createur@ajoutLike',
        2 => array(
            'id_deck' => '37',
            'id_createur' => '10',
        ),
    )
    exception-line: 302
    exception-file: 'C:\Users\maloc\Documents\GitHub\DeckApi\src\Model\Model.php'
    exception-code: 'SQLSTATE[23000]: Integrity constraint violation: 1452 Cannot add or update a child row: a foreign key constraint fails (`easydeck_db`.`like`, CONSTRAINT `fk_like_deck` FOREIGN KEY (`id_deck`) REFERENCES `deck` (`id_deck`))'
[2024-11-28 13:09:49]	[ALERT]	404 - erreur dans le processus de traitement du routage
    routeInfo: array(
        0 => 1,
        1 => 'createur@ajoutLike',
        2 => array(
            'id_deck' => '37',
            'id_createur' => '10',
        ),
    )
    exception-line: 302
    exception-file: 'C:\Users\maloc\Documents\GitHub\DeckApi\src\Model\Model.php'
    exception-code: 'SQLSTATE[23000]: Integrity constraint violation: 1452 Cannot add or update a child row: a foreign key constraint fails (`easydeck_db`.`like`, CONSTRAINT `fk_like_deck` FOREIGN KEY (`id_deck`) REFERENCES `deck` (`id_deck`))'
[2024-11-28 13:11:13]	[ALERT]	404 - commande non existante :: /like
[2024-11-28 13:14:42]	[ALERT]	404 - commande non existante :: /like
[2024-11-28 13:14:52]	[ALERT]	404 - commande non existante :: /like
[2024-11-28 13:16:17]	[ALERT]	404 - commande non existante :: /like
[2024-11-28 13:34:30]	[ALERT]	404 - commande non existante :: /like
