[2024-11-25 16:04:58]	[ALERT]	404 - erreur dans le processus de traitement du routage
    routeInfo: array(
        0 => 1,
        1 => 'createur@likeDeck',
        2 => array(
            'id' => '63',
        ),
    )
    exception-line: 485
    exception-file: 'C:\Cours MMI 3ème année\A Blanc\SAE\DeckApi\src\Controller\CreateurController.php'
    exception-code: 'Undefined array key "nb_jaime"'
[2024-11-25 16:07:51]	[ALERT]	404 - erreur dans le processus de traitement du routage
    routeInfo: array(
        0 => 1,
        1 => 'createur@likeDeck',
        2 => array(
            'id' => '35',
        ),
    )
    exception-line: 302
    exception-file: 'C:\Cours MMI 3ème année\A Blanc\SAE\DeckApi\src\Model\Model.php'
    exception-code: 'SQLSTATE[42S22]: Column not found: 1054 Unknown column 'likes' in 'field list''
