[2024-11-20 10:19:24]	[ALERT]	404 - erreur dans le processus de traitement du routage
    routeInfo: array(
        0 => 1,
        1 => 'admin@delete',
        2 => array(
            'type' => 'deck',
            'id' => '19',
        ),
    )
    exception-line: 175
    exception-file: 'D:\IUT\3ème année\DeckApi\src\Controller\AdminController.php'
    exception-code: 'Undefined variable $string'
[2024-11-20 10:22:01]	[ALERT]	500 - la méthode delete n'existe pas
[2024-11-20 12:07:41]	[ALERT]	404 - commande non existante :: /admin/deck/undefined
[2024-11-20 12:07:41]	[ALERT]	404 - commande non existante :: /admin/deck/undefined
[2024-11-20 16:08:52]	[ALERT]	404 - commande non existante :: /admin/createCard
[2024-11-20 16:09:36]	[ALERT]	404 - commande non existante :: /admin/createCard
[2024-11-20 16:11:07]	[ALERT]	404 - commande non existante :: /admin/createCard
[2024-11-20 16:11:09]	[ALERT]	404 - commande non existante :: /admin/createCard
[2024-11-20 16:11:10]	[ALERT]	404 - commande non existante :: /admin/createCard
[2024-11-20 16:11:31]	[ALERT]	404 - erreur dans le processus de traitement du routage
    routeInfo: array(
        0 => 1,
        1 => 'createur@createCard',
        2 => array(),
    )
    exception-line: 151
    exception-file: 'D:\IUT\3ème année\DeckApi\src\Controller\CreateurController.php'
    exception-code: 'Undefined array key "texte_carte"'
[2024-11-20 16:11:56]	[ALERT]	404 - erreur dans le processus de traitement du routage
    routeInfo: array(
        0 => 1,
        1 => 'createur@createCard',
        2 => array(),
    )
    exception-line: 151
    exception-file: 'D:\IUT\3ème année\DeckApi\src\Controller\CreateurController.php'
    exception-code: 'Undefined array key "texte_carte"'
[2024-11-20 16:11:56]	[ALERT]	404 - erreur dans le processus de traitement du routage
    routeInfo: array(
        0 => 1,
        1 => 'createur@createCard',
        2 => array(),
    )
    exception-line: 151
    exception-file: 'D:\IUT\3ème année\DeckApi\src\Controller\CreateurController.php'
    exception-code: 'Undefined array key "texte_carte"'
[2024-11-20 16:11:57]	[ALERT]	404 - erreur dans le processus de traitement du routage
    routeInfo: array(
        0 => 1,
        1 => 'createur@createCard',
        2 => array(),
    )
    exception-line: 151
    exception-file: 'D:\IUT\3ème année\DeckApi\src\Controller\CreateurController.php'
    exception-code: 'Undefined array key "texte_carte"'
[2024-11-20 16:12:01]	[ALERT]	404 - erreur dans le processus de traitement du routage
    routeInfo: array(
        0 => 1,
        1 => 'createur@createCard',
        2 => array(),
    )
    exception-line: 151
    exception-file: 'D:\IUT\3ème année\DeckApi\src\Controller\CreateurController.php'
    exception-code: 'Undefined array key "texte_carte"'
[2024-11-20 16:17:30]	[ALERT]	404 - erreur dans le processus de traitement du routage
    routeInfo: array(
        0 => 1,
        1 => 'createur@createCard',
        2 => array(),
    )
    exception-line: 152
    exception-file: 'D:\IUT\3ème année\DeckApi\src\Controller\CreateurController.php'
    exception-code: 'Undefined array key "texte_carte"'
[2024-11-20 16:18:18]	[ALERT]	404 - erreur dans le processus de traitement du routage
    routeInfo: array(
        0 => 1,
        1 => 'createur@createCard',
        2 => array(),
    )
    exception-line: 151
    exception-file: 'D:\IUT\3ème année\DeckApi\src\Controller\CreateurController.php'
    exception-code: 'Undefined array key "texte_carte"'
[2024-11-20 16:19:20]	[ALERT]	404 - erreur dans le processus de traitement du routage
    routeInfo: array(
        0 => 1,
        1 => 'createur@createCard',
        2 => array(),
    )
    exception-line: 151
    exception-file: 'D:\IUT\3ème année\DeckApi\src\Controller\CreateurController.php'
    exception-code: 'Undefined array key "texte_carte"'
[2024-11-20 16:19:50]	[ALERT]	404 - erreur dans le processus de traitement du routage
    routeInfo: array(
        0 => 1,
        1 => 'createur@createCard',
        2 => array(),
    )
    exception-line: 151
    exception-file: 'D:\IUT\3ème année\DeckApi\src\Controller\CreateurController.php'
    exception-code: 'Undefined array key "texte_carte"'
[2024-11-20 16:20:28]	[ALERT]	404 - erreur dans le processus de traitement du routage
    routeInfo: array(
        0 => 1,
        1 => 'createur@createCard',
        2 => array(),
    )
    exception-line: 151
    exception-file: 'D:\IUT\3ème année\DeckApi\src\Controller\CreateurController.php'
    exception-code: 'Undefined array key "texte_carte"'
[2024-11-20 16:20:29]	[ALERT]	404 - erreur dans le processus de traitement du routage
    routeInfo: array(
        0 => 1,
        1 => 'createur@createCard',
        2 => array(),
    )
    exception-line: 151
    exception-file: 'D:\IUT\3ème année\DeckApi\src\Controller\CreateurController.php'
    exception-code: 'Undefined array key "texte_carte"'
[2024-11-20 16:20:43]	[ALERT]	404 - erreur dans le processus de traitement du routage
    routeInfo: array(
        0 => 1,
        1 => 'createur@createCard',
        2 => array(),
    )
    exception-line: 152
    exception-file: 'D:\IUT\3ème année\DeckApi\src\Controller\CreateurController.php'
    exception-code: 'Undefined array key "texte_carte"'
[2024-11-20 16:20:44]	[ALERT]	404 - erreur dans le processus de traitement du routage
    routeInfo: array(
        0 => 1,
        1 => 'createur@createCard',
        2 => array(),
    )
    exception-line: 152
    exception-file: 'D:\IUT\3ème année\DeckApi\src\Controller\CreateurController.php'
    exception-code: 'Undefined array key "texte_carte"'
[2024-11-20 16:24:09]	[ALERT]	404 - erreur dans le processus de traitement du routage
    routeInfo: array(
        0 => 1,
        1 => 'createur@createCard',
        2 => array(),
    )
    exception-line: 151
    exception-file: 'D:\IUT\3ème année\DeckApi\src\Controller\CreateurController.php'
    exception-code: 'Undefined array key "texte_carte"'
[2024-11-20 16:24:18]	[ALERT]	404 - erreur dans le processus de traitement du routage
    routeInfo: array(
        0 => 1,
        1 => 'createur@createCard',
        2 => array(),
    )
    exception-line: 151
    exception-file: 'D:\IUT\3ème année\DeckApi\src\Controller\CreateurController.php'
    exception-code: 'Undefined array key "texte_carte"'
[2024-11-20 16:24:18]	[ALERT]	404 - erreur dans le processus de traitement du routage
    routeInfo: array(
        0 => 1,
        1 => 'createur@createCard',
        2 => array(),
    )
    exception-line: 151
    exception-file: 'D:\IUT\3ème année\DeckApi\src\Controller\CreateurController.php'
    exception-code: 'Undefined array key "texte_carte"'
[2024-11-20 16:24:58]	[ALERT]	404 - erreur dans le processus de traitement du routage
    routeInfo: array(
        0 => 1,
        1 => 'createur@createCard',
        2 => array(),
    )
    exception-line: 151
    exception-file: 'D:\IUT\3ème année\DeckApi\src\Controller\CreateurController.php'
    exception-code: 'Undefined array key "texte_carte"'
[2024-11-20 16:25:53]	[ALERT]	404 - erreur dans le processus de traitement du routage
    routeInfo: array(
        0 => 1,
        1 => 'createur@createCard',
        2 => array(),
    )
    exception-line: 151
    exception-file: 'D:\IUT\3ème année\DeckApi\src\Controller\CreateurController.php'
    exception-code: 'Undefined array key "texte_carte"'
[2024-11-20 16:26:13]	[ALERT]	404 - erreur dans le processus de traitement du routage
    routeInfo: array(
        0 => 1,
        1 => 'createur@createCard',
        2 => array(),
    )
    exception-line: 151
    exception-file: 'D:\IUT\3ème année\DeckApi\src\Controller\CreateurController.php'
    exception-code: 'Undefined array key "texte_carte"'
[2024-11-20 16:26:32]	[ALERT]	404 - erreur dans le processus de traitement du routage
    routeInfo: array(
        0 => 1,
        1 => 'createur@createCard',
        2 => array(),
    )
    exception-line: 152
    exception-file: 'D:\IUT\3ème année\DeckApi\src\Controller\CreateurController.php'
    exception-code: 'Undefined array key "texte_carte"'
[2024-11-20 16:26:33]	[ALERT]	404 - erreur dans le processus de traitement du routage
    routeInfo: array(
        0 => 1,
        1 => 'createur@createCard',
        2 => array(),
    )
    exception-line: 152
    exception-file: 'D:\IUT\3ème année\DeckApi\src\Controller\CreateurController.php'
    exception-code: 'Undefined array key "texte_carte"'
[2024-11-20 16:31:00]	[ALERT]	404 - erreur dans le processus de traitement du routage
    routeInfo: array(
        0 => 1,
        1 => 'createur@createCard',
        2 => array(),
    )
    exception-line: 154
    exception-file: 'D:\IUT\3ème année\DeckApi\src\Controller\CreateurController.php'
    exception-code: 'Undefined array key "texte_carte"'
[2024-11-20 16:37:45]	[ALERT]	404 - erreur dans le processus de traitement du routage
    routeInfo: array(
        0 => 1,
        1 => 'createur@createCard',
        2 => array(),
    )
    exception-line: 154
    exception-file: 'D:\IUT\3ème année\DeckApi\src\Controller\CreateurController.php'
    exception-code: 'Undefined array key "texte_carte"'
[2024-11-20 16:37:48]	[ALERT]	404 - erreur dans le processus de traitement du routage
    routeInfo: array(
        0 => 1,
        1 => 'createur@createCard',
        2 => array(),
    )
    exception-line: 154
    exception-file: 'D:\IUT\3ème année\DeckApi\src\Controller\CreateurController.php'
    exception-code: 'Undefined array key "texte_carte"'
[2024-11-20 16:40:06]	[ALERT]	404 - erreur dans le processus de traitement du routage
    routeInfo: array(
        0 => 1,
        1 => 'createur@createCard',
        2 => array(),
    )
    exception-line: 153
    exception-file: 'D:\IUT\3ème année\DeckApi\src\Controller\CreateurController.php'
    exception-code: 'Undefined array key "texte_carte"'
