[2025-01-16 16:27:23]	[ALERT]	404 - commande non existante :: /admin/ban/undefined
[2025-01-16 16:34:25]	[ALERT]	404 - commande non existante :: /admin/delete/user/65
[2025-01-16 16:36:31]	[ALERT]	404 - erreur dans le processus de traitement du routage
    routeInfo: array(
        0 => 1,
        1 => 'admin@deleteCreateur',
        2 => array(
            'id' => '65',
        ),
    )
    exception-line: 266
    exception-file: 'D:\IUT\3ème année\DeckApi\src\Model\Model.php'
    exception-code: 'Table non valide.'
[2025-01-16 16:39:47]	[ALERT]	404 - erreur dans le processus de traitement du routage
    routeInfo: array(
        0 => 1,
        1 => 'admin@deleteCreateur',
        2 => array(
            'id' => '63',
        ),
    )
    exception-line: 266
    exception-file: 'D:\IUT\3ème année\DeckApi\src\Model\Model.php'
    exception-code: 'Table non valide.'
