2024-11-15 14:44:50 L33 /home/leotarpin/s5/api/v1/src/Model/Model.php:: Undefined constant "App\Model\APP_DB_SQLITE"
2024-11-15 14:44:34 L33 /home/leotarpin/s5/api/v1/src/Model/Model.php:: Undefined constant "App\Model\APP_DB_SQLITE"
2024-11-15 14:32:58 L33 /home/leotarpin/s5/api/v1/src/Model/Model.php:: Undefined constant "App\Model\APP_DB_SQLITE"
2024-11-15 14:27:09 L33 /home/leotarpin/s5/api/v1/src/Model/Model.php:: Undefined constant "App\Model\APP_DB_SQLITE"
2024-11-15 14:14:38 L33 /home/leotarpin/s5/api/v1/src/Model/Model.php:: Undefined constant "App\Model\APP_DB_SQLITE"
2024-11-15 14:14:34 L33 /home/leotarpin/s5/api/v1/src/Model/Model.php:: Undefined constant "App\Model\APP_DB_SQLITE"
2024-11-15 14:13:53 L33 /home/leotarpin/s5/api/v1/src/Model/Model.php:: Undefined constant "App\Model\APP_DB_SQLITE"
2024-11-15 14:12:19 L33 /home/leotarpin/s5/api/v1/src/Model/Model.php:: Undefined constant "App\Model\APP_DB_SQLITE"
2024-11-15 14:10:32 L33 /home/leotarpin/s5/api/v1/src/Model/Model.php:: Undefined constant "App\Model\APP_DB_SQLITE"
2024-11-15 13:56:44 L33 /home/leotarpin/s5/api/v1/src/Model/Model.php:: Undefined constant "App\Model\APP_DB_SQLITE"
2024-11-15 13:49:38 L33 /home/leotarpin/api/src/Model/Model.php:: Undefined constant "App\Model\APP_DB_SQLITE"
2024-11-15 13:49:32 L33 /home/leotarpin/api/src/Model/Model.php:: Undefined constant "App\Model\APP_DB_SQLITE"
2024-11-15 13:49:26 L33 /home/leotarpin/api/src/Model/Model.php:: Undefined constant "App\Model\APP_DB_SQLITE"
2024-11-15 13:47:25 L33 /home/leotarpin/api/src/Model/Model.php:: Undefined constant "App\Model\APP_DB_SQLITE"
2024-11-15 13:38:22 L33 /home/leotarpin/www/api/src/Model/Model.php:: Undefined constant "App\Model\APP_DB_SQLITE"
2024-11-15 13:38:02 L33 /home/leotarpin/www/api/src/Model/Model.php:: Undefined constant "App\Model\APP_DB_SQLITE"
2024-11-15 11:49:40 L54 /home/leotarpin/www/api/src/bootstrap.php:: Uncaught Whoops\Exception\ErrorException: file_get_contents(/home/leotarpin/www/api/src/Storage/error.log): Failed to open stream: No such file or directory in /home/leotarpin/www/api/src/bootstrap.php:54
Stack trace:
#0 [internal function]: Whoops\Run->handleError(2, 'file_get_conten...', '/home/leotarpin...', 54)
#1 /home/leotarpin/www/api/src/bootstrap.php(54): file_get_contents('/home/leotarpin...')
#2 /home/leotarpin/www/api/vendor/filp/whoops/src/Whoops/Handler/CallbackHandler.php(50): {closure}(Object(Error), Object(Whoops\Exception\Inspector), Object(Whoops\Run))
#3 /home/leotarpin/www/api/vendor/filp/whoops/src/Whoops/Run.php(398): Whoops\Handler\CallbackHandler->handle(Object(Error))
#4 [internal function]: Whoops\Run->handleException(Object(Error))
#5 {main}
  thrown
