[2024-11-13 9:43:35]	[ALERT]	404 - commande non existante :: /
[2024-11-13 10:32:50]	[ALERT]	404 - commande non existante :: /
[2024-11-13 11:02:09]	[ALERT]	404 - commande non existante :: /
[2024-11-13 11:02:16]	[ALERT]	404 - commande non existante :: /posts
[2024-11-13 11:02:24]	[ALERT]	404 - commande non existante :: /posts
[2024-11-13 11:04:22]	[ALERT]	404 - commande non existante :: /posts
[2024-11-13 11:04:44]	[ALERT]	404 - commande non existante :: /posts
[2024-11-13 11:05:16]	[ALERT]	404 - commande non existante :: /posts
[2024-11-13 11:05:19]	[ALERT]	404 - commande non existante :: /
[2024-11-13 11:11:18]	[ALERT]	404 - commande non existante :: /
[2024-11-13 11:12:56]	[ALERT]	404 - commande non existante :: /
[2024-11-13 15:54:49]	[ALERT]	404 - commande non existante :: /
[2024-11-13 15:57:27]	[ALERT]	404 - commande non existante :: /api/v1/chansons/
[2024-11-13 15:57:35]	[ALERT]	500 - la méthode show n'existe pas
[2024-11-13 15:57:51]	[ALERT]	404 - commande non existante :: /
[2024-11-13 15:58:19]	[ALERT]	500 - la méthode show n'existe pas
[2024-11-13 15:59:14]	[ALERT]	500 - la méthode show n'existe pas
[2024-11-13 18:25:30]	[ALERT]	404 - commande non existante :: /
[2024-11-13 21:34:45]	[ALERT]	404 - commande non existante :: /
[2024-11-13 21:36:23]	[ALERT]	404 - commande non existante :: /api/v1/artistefedv
[2024-11-13 22:08:57]	[ALERT]	404 - commande non existante :: /
[2024-11-13 22:20:47]	[ALERT]	404 - erreur dans le processus de traitement du routage
    routeInfo: array(
        0 => 1,
        1 => 'artiste@create',
        2 => array(),
    )
    exception-line: 221
    exception-file: 'C:\Users\Sprit\OneDrive\Bureau\API\src\Model\Model.php'
    exception-code: 'SQLSTATE[23000]: Integrity constraint violation: 19 UNIQUE constraint failed: artists.name'
