[2024-11-14 9:35:48]	[ALERT]	404 - commande non existante :: /
[2024-11-14 9:38:00]	[ALERT]	404 - commande non existante :: /
[2024-11-14 9:38:39]	[ALERT]	404 - commande non existante :: /api/v1/voyages
[2024-11-14 10:30:17]	[ALERT]	404 - commande non existante :: /
[2024-11-14 10:37:29]	[ALERT]	404 - commande non existante :: /api/v1/artistes/1/chansons
[2024-11-14 10:37:31]	[ALERT]	404 - commande non existante :: /api/v1/artistes/3/chansons
[2024-11-14 10:37:56]	[ALERT]	404 - commande non existante :: /api/v1/artistes/3/chansons
[2024-11-14 10:39:06]	[ALERT]	404 - commande non existante :: /api/v1/artistes/3/chansons
[2024-11-14 10:39:11]	[ALERT]	404 - commande non existante :: /api/v1/artistes/3/chansons
[2024-11-14 10:40:08]	[ALERT]	404 - erreur dans le processus de traitement du routage
    routeInfo: array(
        0 => 1,
        1 => 'artiste@songs',
        2 => array(
            'id' => '1',
        ),
    )
    exception-line: 14
    exception-file: 'C:\Users\Sprit\OneDrive\Bureau\API\src\Model\Artiste.php'
    exception-code: 'Undefined property: App\Model\Artiste::$pdo'
[2024-11-14 10:40:27]	[ALERT]	404 - erreur dans le processus de traitement du routage
    routeInfo: array(
        0 => 1,
        1 => 'artiste@songs',
        2 => array(
            'id' => '3',
        ),
    )
    exception-line: 14
    exception-file: 'C:\Users\Sprit\OneDrive\Bureau\API\src\Model\Artiste.php'
    exception-code: 'Undefined property: App\Model\Artiste::$pdo'
[2024-11-14 10:40:28]	[ALERT]	404 - erreur dans le processus de traitement du routage
    routeInfo: array(
        0 => 1,
        1 => 'artiste@songs',
        2 => array(
            'id' => '3',
        ),
    )
    exception-line: 14
    exception-file: 'C:\Users\Sprit\OneDrive\Bureau\API\src\Model\Artiste.php'
    exception-code: 'Undefined property: App\Model\Artiste::$pdo'
[2024-11-14 10:40:40]	[ALERT]	404 - erreur dans le processus de traitement du routage
    routeInfo: array(
        0 => 1,
        1 => 'artiste@songs',
        2 => array(
            'id' => '3',
        ),
    )
    exception-line: 14
    exception-file: 'C:\Users\Sprit\OneDrive\Bureau\API\src\Model\Artiste.php'
    exception-code: 'Undefined property: App\Model\Artiste::$pdo'
[2024-11-14 10:41:30]	[ALERT]	404 - erreur dans le processus de traitement du routage
    routeInfo: array(
        0 => 1,
        1 => 'artiste@songs',
        2 => array(
            'id' => '3',
        ),
    )
    exception-line: 14
    exception-file: 'C:\Users\Sprit\OneDrive\Bureau\API\src\Model\Artiste.php'
    exception-code: 'Undefined property: App\Model\Artiste::$pdo'
[2024-11-14 10:42:24]	[ALERT]	404 - erreur dans le processus de traitement du routage
    routeInfo: array(
        0 => 1,
        1 => 'artiste@songs',
        2 => array(
            'id' => '1',
        ),
    )
    exception-line: 14
    exception-file: 'C:\Users\Sprit\OneDrive\Bureau\API\src\Model\Artiste.php'
    exception-code: 'Undefined variable $dbh'
[2024-11-14 10:43:00]	[ALERT]	404 - erreur dans le processus de traitement du routage
    routeInfo: array(
        0 => 1,
        1 => 'artiste@songs',
        2 => array(
            'id' => '3',
        ),
    )
    exception-line: 28
    exception-file: 'C:\Users\Sprit\OneDrive\Bureau\API\src\Model\Artiste.php'
    exception-code: 'SQLSTATE[HY000]: General error: 1 no such table: chansons'
[2024-11-14 10:43:01]	[ALERT]	404 - erreur dans le processus de traitement du routage
    routeInfo: array(
        0 => 1,
        1 => 'artiste@songs',
        2 => array(
            'id' => '3',
        ),
    )
    exception-line: 28
    exception-file: 'C:\Users\Sprit\OneDrive\Bureau\API\src\Model\Artiste.php'
    exception-code: 'SQLSTATE[HY000]: General error: 1 no such table: chansons'
[2024-11-14 10:43:07]	[ALERT]	404 - erreur dans le processus de traitement du routage
    routeInfo: array(
        0 => 1,
        1 => 'artiste@songs',
        2 => array(
            'id' => '1',
        ),
    )
    exception-line: 28
    exception-file: 'C:\Users\Sprit\OneDrive\Bureau\API\src\Model\Artiste.php'
    exception-code: 'SQLSTATE[HY000]: General error: 1 no such table: chansons'
[2024-11-14 10:45:57]	[ALERT]	404 - erreur dans le processus de traitement du routage
    routeInfo: array(
        0 => 1,
        1 => 'artiste@songs',
        2 => array(
            'id' => '3',
        ),
    )
    exception-line: 27
    exception-file: 'C:\Users\Sprit\OneDrive\Bureau\API\src\Model\Artiste.php'
    exception-code: 'SQLSTATE[HY000]: General error: 1 no such table: chansons'
[2024-11-14 10:45:58]	[ALERT]	404 - erreur dans le processus de traitement du routage
    routeInfo: array(
        0 => 1,
        1 => 'artiste@songs',
        2 => array(
            'id' => '3',
        ),
    )
    exception-line: 27
    exception-file: 'C:\Users\Sprit\OneDrive\Bureau\API\src\Model\Artiste.php'
    exception-code: 'SQLSTATE[HY000]: General error: 1 no such table: chansons'
[2024-11-14 10:45:58]	[ALERT]	404 - erreur dans le processus de traitement du routage
    routeInfo: array(
        0 => 1,
        1 => 'artiste@songs',
        2 => array(
            'id' => '3',
        ),
    )
    exception-line: 27
    exception-file: 'C:\Users\Sprit\OneDrive\Bureau\API\src\Model\Artiste.php'
    exception-code: 'SQLSTATE[HY000]: General error: 1 no such table: chansons'
[2024-11-14 10:45:58]	[ALERT]	404 - erreur dans le processus de traitement du routage
    routeInfo: array(
        0 => 1,
        1 => 'artiste@songs',
        2 => array(
            'id' => '3',
        ),
    )
    exception-line: 27
    exception-file: 'C:\Users\Sprit\OneDrive\Bureau\API\src\Model\Artiste.php'
    exception-code: 'SQLSTATE[HY000]: General error: 1 no such table: chansons'
[2024-11-14 10:45:58]	[ALERT]	404 - erreur dans le processus de traitement du routage
    routeInfo: array(
        0 => 1,
        1 => 'artiste@songs',
        2 => array(
            'id' => '3',
        ),
    )
    exception-line: 27
    exception-file: 'C:\Users\Sprit\OneDrive\Bureau\API\src\Model\Artiste.php'
    exception-code: 'SQLSTATE[HY000]: General error: 1 no such table: chansons'
[2024-11-14 10:45:58]	[ALERT]	404 - erreur dans le processus de traitement du routage
    routeInfo: array(
        0 => 1,
        1 => 'artiste@songs',
        2 => array(
            'id' => '3',
        ),
    )
    exception-line: 27
    exception-file: 'C:\Users\Sprit\OneDrive\Bureau\API\src\Model\Artiste.php'
    exception-code: 'SQLSTATE[HY000]: General error: 1 no such table: chansons'
[2024-11-14 10:45:58]	[ALERT]	404 - erreur dans le processus de traitement du routage
    routeInfo: array(
        0 => 1,
        1 => 'artiste@songs',
        2 => array(
            'id' => '3',
        ),
    )
    exception-line: 27
    exception-file: 'C:\Users\Sprit\OneDrive\Bureau\API\src\Model\Artiste.php'
    exception-code: 'SQLSTATE[HY000]: General error: 1 no such table: chansons'
[2024-11-14 10:45:59]	[ALERT]	404 - erreur dans le processus de traitement du routage
    routeInfo: array(
        0 => 1,
        1 => 'artiste@songs',
        2 => array(
            'id' => '3',
        ),
    )
    exception-line: 27
    exception-file: 'C:\Users\Sprit\OneDrive\Bureau\API\src\Model\Artiste.php'
    exception-code: 'SQLSTATE[HY000]: General error: 1 no such table: chansons'
[2024-11-14 10:45:59]	[ALERT]	404 - erreur dans le processus de traitement du routage
    routeInfo: array(
        0 => 1,
        1 => 'artiste@songs',
        2 => array(
            'id' => '3',
        ),
    )
    exception-line: 27
    exception-file: 'C:\Users\Sprit\OneDrive\Bureau\API\src\Model\Artiste.php'
    exception-code: 'SQLSTATE[HY000]: General error: 1 no such table: chansons'
[2024-11-14 10:45:59]	[ALERT]	404 - erreur dans le processus de traitement du routage
    routeInfo: array(
        0 => 1,
        1 => 'artiste@songs',
        2 => array(
            'id' => '3',
        ),
    )
    exception-line: 27
    exception-file: 'C:\Users\Sprit\OneDrive\Bureau\API\src\Model\Artiste.php'
    exception-code: 'SQLSTATE[HY000]: General error: 1 no such table: chansons'
[2024-11-14 12:20:39]	[ALERT]	500 - la méthode update n'existe pas
[2024-11-14 12:21:16]	[ALERT]	500 - la méthode update n'existe pas
[2024-11-14 12:21:48]	[ALERT]	404 - erreur dans le processus de traitement du routage
    routeInfo: array(
        0 => 1,
        1 => 'artiste@create',
        2 => array(),
    )
    exception-line: 221
    exception-file: 'C:\Users\Sprit\OneDrive\Bureau\API\src\Model\Model.php'
    exception-code: 'SQLSTATE[23000]: Integrity constraint violation: 19 UNIQUE constraint failed: artists.name'
[2024-11-14 14:09:38]	[ALERT]	500 - la méthode show n'existe pas
[2024-11-14 14:10:03]	[ALERT]	500 - la méthode show n'existe pas
[2024-11-14 14:12:16]	[ALERT]	500 - la méthode show n'existe pas
[2024-11-14 14:14:02]	[ALERT]	500 - la méthode show n'existe pas
[2024-11-14 14:15:21]	[ALERT]	500 - la méthode show n'existe pas
[2024-11-14 14:17:59]	[ALERT]	500 - la méthode show n'existe pas
[2024-11-14 14:46:38]	[ALERT]	500 - la méthode show n'existe pas
[2024-11-14 14:55:49]	[ALERT]	500 - la méthode show n'existe pas
[2024-11-14 15:47:26]	[ALERT]	500 - la méthode show n'existe pas
[2024-11-14 22:33:24]	[ALERT]	500 - la méthode show n'existe pas
[2024-11-14 22:39:55]	[ALERT]	500 - la méthode show n'existe pas
[2024-11-14 22:43:06]	[ALERT]	500 - la méthode show n'existe pas
[2024-11-14 22:43:10]	[ALERT]	500 - la méthode show n'existe pas
