[2024-11-15 11:49:24]	[ALERT]	404 - commande non existante :: /
[2024-11-15 11:51:27]	[ALERT]	404 - commande non existante :: /
[2024-11-15 11:51:39]	[ALERT]	404 - commande non existante :: /
[2024-11-15 12:01:27]	[ALERT]	404 - commande non existante :: /
[2024-11-15 12:01:41]	[ALERT]	404 - commande non existante :: /s5/api/v1/artistes
[2024-11-15 12:01:59]	[ALERT]	404 - commande non existante :: /s5/api/v1/api/v1/artistes
[2024-11-15 12:02:45]	[ALERT]	404 - commande non existante :: /
[2024-11-15 12:03:25]	[ALERT]	404 - commande non existante :: /s5/api/v1/artistes
[2024-11-15 12:03:28]	[ALERT]	404 - commande non existante :: /s5/api/v1/artistes/1
[2024-11-15 13:35:47]	[ALERT]	404 - commande non existante :: /
[2024-11-15 13:37:57]	[ALERT]	404 - commande non existante :: //api/v1/artistes
[2024-11-15 13:46:27]	[ALERT]	404 - commande non existante :: /
[2024-11-15 13:47:23]	[ALERT]	404 - commande non existante :: //api/v1/artistes
[2024-11-15 13:48:32]	[ALERT]	404 - commande non existante :: /api/v1/artistes
[2024-11-15 13:48:59]	[ALERT]	404 - commande non existante :: /
[2024-11-15 13:49:35]	[ALERT]	404 - commande non existante :: /artistdc
[2024-11-15 13:49:55]	[ALERT]	404 - commande non existante :: /
[2024-11-15 13:56:30]	[ALERT]	404 - commande non existante :: /
[2024-11-15 14:10:17]	[ALERT]	404 - commande non existante :: /artistes
[2024-11-15 14:10:20]	[ALERT]	404 - commande non existante :: /artistes
[2024-11-15 14:13:39]	[ALERT]	404 - commande non existante :: /s5/api/vi/artistes
[2024-11-15 14:14:54]	[ALERT]	404 - commande non existante :: /
[2024-11-15 14:23:53]	[ALERT]	404 - commande non existante :: /
[2024-11-15 14:23:57]	[ALERT]	404 - commande non existante :: /test;php*
[2024-11-15 14:26:57]	[ALERT]	404 - commande non existante :: /
[2024-11-15 14:29:53]	[ALERT]	404 - commande non existante :: /
[2024-11-15 14:32:47]	[ALERT]	404 - commande non existante :: /
[2024-11-15 14:44:45]	[ALERT]	404 - commande non existante :: /
[2024-11-15 16:24:38]	[ALERT]	500 - la méthode delete n'existe pas
[2024-11-15 16:24:55]	[ALERT]	500 - la méthode delete n'existe pas
[2024-11-15 16:25:13]	[ALERT]	500 - la méthode delete n'existe pas
[2024-11-15 19:52:26]	[ALERT]	404 - commande non existante :: /
